<?xml version="1.0" encoding="UTF-8"?>
<testsuites>
  <testsuite name="CodeIgniter Application Test Suite" tests="4" assertions="4" failures="1" errors="0" time="0.505756">
    <testsuite name="Welcome_test" file="C:\wamp\www\PSI_Implementacija\application\tests\controllers\Welcome_test.php" tests="3" assertions="3" failures="1" errors="0" time="0.017735">
      <testcase name="test_index" class="Welcome_test" file="C:\wamp\www\PSI_Implementacija\application\tests\controllers\Welcome_test.php" line="13" assertions="1" time="0.009117">
        <failure type="PHPUnit_Framework_ExpectationFailedException">Welcome_test::test_index
Failed asserting that 'Welcome::index() is not found' contains "&lt;title&gt;Welcome to CodeIgniter&lt;/title&gt;".

C:\wamp\www\PSI_Implementacija\application\tests\controllers\Welcome_test.php:16
</failure>
      </testcase>
      <testcase name="test_method_404" class="Welcome_test" file="C:\wamp\www\PSI_Implementacija\application\tests\controllers\Welcome_test.php" line="19" assertions="1" time="0.007596"/>
      <testcase name="test_APPPATH" class="Welcome_test" file="C:\wamp\www\PSI_Implementacija\application\tests\controllers\Welcome_test.php" line="25" assertions="1" time="0.001022"/>
    </testsuite>
    <testsuite name="Login_test" file="C:\wamp\www\PSI_Implementacija\application\tests\models\Login_test.php" tests="1" assertions="1" failures="0" errors="0" time="0.488021">
      <testcase name="testLoginKorisnik" class="Login_test" file="C:\wamp\www\PSI_Implementacija\application\tests\models\Login_test.php" line="67" assertions="1" time="0.488021"/>
    </testsuite>
  </testsuite>
</testsuites>
