<?xml version="1.0" encoding="UTF-8"?>
<testsuites>
  <testsuite name="CodeIgniter Application Test Suite" tests="10" assertions="10" failures="1" errors="0" time="1.722202">
    <testsuite name="Welcome_test" file="C:\wamp64\www\PSI_Implementacija\application\tests\controllers\Welcome_test.php" tests="3" assertions="3" failures="1" errors="0" time="0.041060">
      <testcase name="test_index" class="Welcome_test" file="C:\wamp64\www\PSI_Implementacija\application\tests\controllers\Welcome_test.php" line="13" assertions="1" time="0.031363">
        <failure type="PHPUnit_Framework_ExpectationFailedException">Welcome_test::test_index
Failed asserting that 'Welcome::index() is not found' contains "&lt;title&gt;Welcome to CodeIgniter&lt;/title&gt;".

C:\wamp64\www\PSI_Implementacija\application\tests\controllers\Welcome_test.php:16
</failure>
      </testcase>
      <testcase name="test_method_404" class="Welcome_test" file="C:\wamp64\www\PSI_Implementacija\application\tests\controllers\Welcome_test.php" line="19" assertions="1" time="0.008457"/>
      <testcase name="test_APPPATH" class="Welcome_test" file="C:\wamp64\www\PSI_Implementacija\application\tests\controllers\Welcome_test.php" line="25" assertions="1" time="0.001240"/>
    </testsuite>
    <testsuite name="Login_test" file="C:\wamp64\www\PSI_Implementacija\application\tests\models\Login_test.php" tests="4" assertions="4" failures="0" errors="0" time="1.245292">
      <testcase name="testLoginKorisnik" class="Login_test" file="C:\wamp64\www\PSI_Implementacija\application\tests\models\Login_test.php" line="45" assertions="1" time="0.969699"/>
      <testcase name="testLoginRestoran" class="Login_test" file="C:\wamp64\www\PSI_Implementacija\application\tests\models\Login_test.php" line="51" assertions="1" time="0.121410"/>
      <testcase name="testLoginKonobar" class="Login_test" file="C:\wamp64\www\PSI_Implementacija\application\tests\models\Login_test.php" line="57" assertions="1" time="0.086686"/>
      <testcase name="testLoginAdmin" class="Login_test" file="C:\wamp64\www\PSI_Implementacija\application\tests\models\Login_test.php" line="63" assertions="1" time="0.067497"/>
    </testsuite>
    <testsuite name="RezervacijaGradeCancel_test" file="C:\wamp64\www\PSI_Implementacija\application\tests\models\RezervacijaGradeCancel_test.php" tests="3" assertions="3" failures="0" errors="0" time="0.435850">
      <testcase name="testRezervacijaCancel" class="RezervacijaGradeCancel_test" file="C:\wamp64\www\PSI_Implementacija\application\tests\models\RezervacijaGradeCancel_test.php" line="47" assertions="1" time="0.098779"/>
      <testcase name="testRezervacijaGradeOcena" class="RezervacijaGradeCancel_test" file="C:\wamp64\www\PSI_Implementacija\application\tests\models\RezervacijaGradeCancel_test.php" line="60" assertions="1" time="0.202855"/>
      <testcase name="testRezervacijaGradeSrednjaOcena" class="RezervacijaGradeCancel_test" file="C:\wamp64\www\PSI_Implementacija\application\tests\models\RezervacijaGradeCancel_test.php" line="75" assertions="1" time="0.134216"/>
    </testsuite>
  </testsuite>
</testsuites>
